Using pre-set license

 COMMAND LINE ARGUMENTS:
/Applications/Unity/Hub/Editor/2020.3.2f1/Unity.app/Contents/MacOS/Unity
-adb2
-batchMode
-noUpm
-name
AssetImportWorker0
-projectPath
/Users/alonsoaraya/Desktop/UnityInAction/New Unity Project
-logFile
Logs/AssetImportWorker0.log
-srvPort
64413
Successfully changed project path to: /Users/alonsoaraya/Desktop/UnityInAction/New Unity Project
/Users/alonsoaraya/Desktop/UnityInAction/New Unity Project
Using Asset Import Pipeline V2.
Refreshing native plugins compatible for Editor in 20.65 ms, found 1 plugins.
Preloading 0 native plugins for Editor in 0.00 ms.
Initialize engine version: 2020.3.2f1 (8fd9074bf66c)
[Subsystems] Discovering subsystems at path /Applications/Unity/Hub/Editor/2020.3.2f1/Unity.app/Contents/Resources/UnitySubsystems
[Subsystems] Discovering subsystems at path /Users/alonsoaraya/Desktop/UnityInAction/New Unity Project/Assets
GfxDevice: creating device client; threaded=0
2021-04-05 17:38:23.462 Unity[21988:275807] Color LCD preferred device: AMD Radeon Pro 560X (high power)
2021-04-05 17:38:23.462 Unity[21988:275807] Metal devices available: 2
2021-04-05 17:38:23.462 Unity[21988:275807] 0: AMD Radeon Pro 560X (high power)
2021-04-05 17:38:23.462 Unity[21988:275807] 1: Intel(R) UHD Graphics 630 (low power)
2021-04-05 17:38:23.462 Unity[21988:275807] Using device AMD Radeon Pro 560X (high power)
Initializing Metal device caps: AMD Radeon Pro 560X
Initialize mono
Mono path[0] = '/Applications/Unity/Hub/Editor/2020.3.2f1/Unity.app/Contents/Managed'
Mono path[1] = '/Applications/Unity/Hub/Editor/2020.3.2f1/Unity.app/Contents/MonoBleedingEdge/lib/mono/unityjit'
Mono config path = '/Applications/Unity/Hub/Editor/2020.3.2f1/Unity.app/Contents/MonoBleedingEdge/etc'
Using monoOptions --debugger-agent=transport=dt_socket,embedding=1,server=y,suspend=n,address=127.0.0.1:56988
Begin MonoManager ReloadAssembly
Registering precompiled unity dll's ...
Register platform support module: /Applications/Unity/Hub/Editor/2020.3.2f1/Unity.app/Contents/PlaybackEngines/MacStandaloneSupport/UnityEditor.OSXStandalone.Extensions.dll
Registered in 0.000457 seconds.
Native extension for OSXStandalone target not found
Refreshing native plugins compatible for Editor in 19.45 ms, found 1 plugins.
Preloading 0 native plugins for Editor in 0.00 ms.
Invoked RoslynAnalysisRunner static constructor.
RoslynAnalysisRunner will not be running.
RoslynAnalysisRunner has terminated.
Mono: successfully reloaded assembly
- Completed reload, in  1.593 seconds
Platform modules already initialized, skipping
Registering precompiled user dll's ...
Registered in 0.000292 seconds.
Begin MonoManager ReloadAssembly
Native extension for OSXStandalone target not found
Refreshing native plugins compatible for Editor in 0.18 ms, found 1 plugins.
Preloading 0 native plugins for Editor in 0.00 ms.
Invoked RoslynAnalysisRunner static constructor.
RoslynAnalysisRunner will not be running.
RoslynAnalysisRunner has terminated.
Mono: successfully reloaded assembly
- Completed reload, in  0.848 seconds
Platform modules already initialized, skipping
========================================================================
Worker process is ready to serve import requests
Launching external process: /Applications/Unity/Hub/Editor/2020.3.2f1/Unity.app/Contents/Tools/UnityShaderCompiler
Launched and connected shader compiler UnityShaderCompiler after 0.01 seconds
Refreshing native plugins compatible for Editor in 0.19 ms, found 1 plugins.
Preloading 0 native plugins for Editor in 0.00 ms.
Unloading 1116 Unused Serialized files (Serialized files now loaded: 0)
System memory in use before: 109.1 MB.
System memory in use after: 109.1 MB.

Unloading 10 unused Assets to reduce memory usage. Loaded Objects now: 1558.
Total: 2.284139 ms (FindLiveObjects: 0.209854 ms CreateObjectMapping: 0.059530 ms MarkObjects: 1.928990 ms  DeleteObjects: 0.084266 ms)

========================================================================
Received Import Request.
  path: Assets/HelloWorld.cs
  artifactKey: Guid(a6ea6633378c94f72987e6f118869b01) Importer(815301076,1909f56bfc062723c751e8b465ee728b)
Start importing Assets/HelloWorld.cs using Guid(a6ea6633378c94f72987e6f118869b01) Importer(815301076,1909f56bfc062723c751e8b465ee728b)  -> (artifact id: '324e2b4452fd3334fb128a554d6de79a') in 0.402684 seconds
  Import took 0.405175 seconds .

========================================================================
Received Prepare
Registering precompiled user dll's ...
Registered in 0.000295 seconds.
Begin MonoManager ReloadAssembly
Native extension for OSXStandalone target not found
Refreshing native plugins compatible for Editor in 0.18 ms, found 1 plugins.
Preloading 0 native plugins for Editor in 0.00 ms.
Invoked RoslynAnalysisRunner static constructor.
RoslynAnalysisRunner will not be running.
RoslynAnalysisRunner has terminated.
Mono: successfully reloaded assembly
- Completed reload, in  0.810 seconds
Platform modules already initialized, skipping
Refreshing native plugins compatible for Editor in 0.19 ms, found 1 plugins.
Preloading 0 native plugins for Editor in 0.00 ms.
Unloading 1111 Unused Serialized files (Serialized files now loaded: 0)
System memory in use before: 113.4 MB.
System memory in use after: 113.5 MB.

Unloading 5 unused Assets to reduce memory usage. Loaded Objects now: 1561.
Total: 1.399810 ms (FindLiveObjects: 0.153460 ms CreateObjectMapping: 0.030131 ms MarkObjects: 1.167916 ms  DeleteObjects: 0.047627 ms)

========================================================================
Received Prepare
Registering precompiled user dll's ...
Registered in 0.000277 seconds.
Begin MonoManager ReloadAssembly
Native extension for OSXStandalone target not found
Refreshing native plugins compatible for Editor in 0.19 ms, found 1 plugins.
Preloading 0 native plugins for Editor in 0.00 ms.
Invoked RoslynAnalysisRunner static constructor.
RoslynAnalysisRunner will not be running.
RoslynAnalysisRunner has terminated.
Mono: successfully reloaded assembly
- Completed reload, in  0.786 seconds
Platform modules already initialized, skipping
Refreshing native plugins compatible for Editor in 0.18 ms, found 1 plugins.
Preloading 0 native plugins for Editor in 0.00 ms.
Unloading 1111 Unused Serialized files (Serialized files now loaded: 0)
System memory in use before: 113.6 MB.
System memory in use after: 113.7 MB.

Unloading 5 unused Assets to reduce memory usage. Loaded Objects now: 1564.
Total: 2.124283 ms (FindLiveObjects: 0.216991 ms CreateObjectMapping: 0.056905 ms MarkObjects: 1.776585 ms  DeleteObjects: 0.071893 ms)

AssetImportWorkerClient::OnTransportError - code=2 error=End of file
